Determining if the pthread_create exist failed with the following output:
Change Dir: /home/zmc/Desktop/master_arbeit/build/CMakeFiles/CMakeTmp

Run Build Command:"/usr/bin/make" "cmTC_f0785/fast"
/usr/bin/make -f CMakeFiles/cmTC_f0785.dir/build.make CMakeFiles/cmTC_f0785.dir/build
make[1]: Entering directory '/home/zmc/Desktop/master_arbeit/build/CMakeFiles/CMakeTmp'
Building C object CMakeFiles/cmTC_f0785.dir/CheckSymbolExists.c.o
/usr/bin/cc    -o CMakeFiles/cmTC_f0785.dir/CheckSymbolExists.c.o   -c /home/zmc/Desktop/master_arbeit/build/CMakeFiles/CMakeTmp/CheckSymbolExists.c
Linking C executable cmTC_f0785
/usr/bin/cmake -E cmake_link_script CMakeFiles/cmTC_f0785.dir/link.txt --verbose=1
/usr/bin/cc      -rdynamic CMakeFiles/cmTC_f0785.dir/CheckSymbolExists.c.o  -o cmTC_f0785 
CMakeFiles/cmTC_f0785.dir/CheckSymbolExists.c.o: In function `main':
CheckSymbolExists.c:(.text+0x1b): undefined reference to `pthread_create'
collect2: error: ld returned 1 exit status
CMakeFiles/cmTC_f0785.dir/build.make:97: recipe for target 'cmTC_f0785' failed
make[1]: *** [cmTC_f0785] Error 1
make[1]: Leaving directory '/home/zmc/Desktop/master_arbeit/build/CMakeFiles/CMakeTmp'
Makefile:126: recipe for target 'cmTC_f0785/fast' failed
make: *** [cmTC_f0785/fast] Error 2

File /home/zmc/Desktop/master_arbeit/build/CMakeFiles/CMakeTmp/CheckSymbolExists.c:
/* */
#include <pthread.h>

int main(int argc, char** argv)
{
  (void)argv;
#ifndef pthread_create
  return ((int*)(&pthread_create))[argc];
#else
  (void)argc;
  return 0;
#endif
}

Determining if the function pthread_create exists in the pthreads failed with the following output:
Change Dir: /home/zmc/Desktop/master_arbeit/build/CMakeFiles/CMakeTmp

Run Build Command:"/usr/bin/make" "cmTC_557ac/fast"
/usr/bin/make -f CMakeFiles/cmTC_557ac.dir/build.make CMakeFiles/cmTC_557ac.dir/build
make[1]: Entering directory '/home/zmc/Desktop/master_arbeit/build/CMakeFiles/CMakeTmp'
Building C object CMakeFiles/cmTC_557ac.dir/CheckFunctionExists.c.o
/usr/bin/cc   -DCHECK_FUNCTION_EXISTS=pthread_create   -o CMakeFiles/cmTC_557ac.dir/CheckFunctionExists.c.o   -c /usr/share/cmake-3.10/Modules/CheckFunctionExists.c
Linking C executable cmTC_557ac
/usr/bin/cmake -E cmake_link_script CMakeFiles/cmTC_557ac.dir/link.txt --verbose=1
/usr/bin/cc  -DCHECK_FUNCTION_EXISTS=pthread_create    -rdynamic CMakeFiles/cmTC_557ac.dir/CheckFunctionExists.c.o  -o cmTC_557ac -lpthreads 
/usr/bin/ld: cannot find -lpthreads
collect2: error: ld returned 1 exit status
CMakeFiles/cmTC_557ac.dir/build.make:97: recipe for target 'cmTC_557ac' failed
make[1]: *** [cmTC_557ac] Error 1
make[1]: Leaving directory '/home/zmc/Desktop/master_arbeit/build/CMakeFiles/CMakeTmp'
Makefile:126: recipe for target 'cmTC_557ac/fast' failed
make: *** [cmTC_557ac/fast] Error 2


